<?xml version="1.0" encoding="UTF-8"?>
<!-- Generated by org.testng.reporters.JUnitReportReporter -->
<testsuite skipped="0" hostname="sowbhas-imac.corp.capgemini.com" name="com.testcodes.Assignment" tests="1" failures="0" timestamp="05 Feb 2019 09:41:57 GMT" time="55.859" errors="0">
  <testcase name="dynamicEndsWith" time="55.859" classname="com.testcodes.Assignment"/>
</testsuite> <!-- com.testcodes.Assignment -->
