<?xml version="1.0" encoding="UTF-8"?>
<!-- Generated by org.testng.reporters.JUnitReportReporter -->
<testsuite skipped="0" hostname="sowbhas-imac.corp.capgemini.com" name="com.testcodes.NewTest" tests="1" failures="0" timestamp="04 Feb 2019 07:17:55 GMT" time="38.848" errors="0">
  <testcase name="f" time="38.848" classname="com.testcodes.NewTest"/>
</testsuite> <!-- com.testcodes.NewTest -->
